/u/s/i/sinclair/courses/cs552/spring2022/handouts/testprograms/public/rand_final/ldld_rand_large.asm SUCCESS CPI:4.3 CYCLES:4496 ICOUNT:1035 IHITRATE: 91.2 DHITRATE: 96.8
/u/s/i/sinclair/courses/cs552/spring2022/handouts/testprograms/public/rand_final/ldld_rand_small.asm SUCCESS CPI:4.3 CYCLES:4496 ICOUNT:1035 IHITRATE: 91.2 DHITRATE: 96.8
/u/s/i/sinclair/courses/cs552/spring2022/handouts/testprograms/public/rand_final/ldst_rand_large.asm SUCCESS CPI:4.7 CYCLES:4612 ICOUNT:983 IHITRATE: 99.6 DHITRATE: 137.0
/u/s/i/sinclair/courses/cs552/spring2022/handouts/testprograms/public/rand_final/ldst_rand_small.asm SUCCESS CPI:4.5 CYCLES:4388 ICOUNT:980 IHITRATE: 99.6 DHITRATE: 142.3
/u/s/i/sinclair/courses/cs552/spring2022/handouts/testprograms/public/rand_final/t_100_all.asm SUCCESS CPI:5.4 CYCLES:1804 ICOUNT:334 IHITRATE: 73.0 DHITRATE: 118.5
/u/s/i/sinclair/courses/cs552/spring2022/handouts/testprograms/public/rand_final/t_100_ctrl.asm SUCCESS CPI:5.4 CYCLES:3491 ICOUNT:647 IHITRATE: 72.1 DHITRATE: 134.0
/u/s/i/sinclair/courses/cs552/spring2022/handouts/testprograms/public/rand_final/t_100_icache.asm SUCCESS CPI:53.0 CYCLES:1060 ICOUNT:20 IHITRATE: 45.0 DHITRATE: 0
/u/s/i/sinclair/courses/cs552/spring2022/handouts/testprograms/public/rand_final/t_100_idcache.asm SUCCESS CPI:9.8 CYCLES:3919 ICOUNT:401 IHITRATE: 85.3 DHITRATE: 53.9
/u/s/i/sinclair/courses/cs552/spring2022/handouts/testprograms/public/rand_final/t_100_mem.asm SUCCESS CPI:6.2 CYCLES:8862 ICOUNT:1427 IHITRATE: 78.7 DHITRATE: 143.6
/u/s/i/sinclair/courses/cs552/spring2022/handouts/testprograms/public/rand_final/t_101_all.asm SUCCESS CPI:5.3 CYCLES:2358 ICOUNT:447 IHITRATE: 73.4 DHITRATE: 114.3
/u/s/i/sinclair/courses/cs552/spring2022/handouts/testprograms/public/rand_final/t_101_ctrl.asm SUCCESS CPI:5.1 CYCLES:4322 ICOUNT:848 IHITRATE: 73.5 DHITRATE: 134.1
/u/s/i/sinclair/courses/cs552/spring2022/handouts/testprograms/public/rand_final/t_101_icache.asm SUCCESS CPI:30.5 CYCLES:1280 ICOUNT:42 IHITRATE: 51.3 DHITRATE: 0
/u/s/i/sinclair/courses/cs552/spring2022/handouts/testprograms/public/rand_final/t_101_idcache.asm SUCCESS CPI:9.4 CYCLES:3883 ICOUNT:413 IHITRATE: 86.5 DHITRATE: 52.9
/u/s/i/sinclair/courses/cs552/spring2022/handouts/testprograms/public/rand_final/t_101_mem.asm SUCCESS CPI:6.3 CYCLES:8932 ICOUNT:1421 IHITRATE: 78.7 DHITRATE: 143.4
/u/s/i/sinclair/courses/cs552/spring2022/handouts/testprograms/public/rand_final/t_102_all.asm SUCCESS CPI:5.4 CYCLES:1951 ICOUNT:364 IHITRATE: 73.5 DHITRATE: 96.8
/u/s/i/sinclair/courses/cs552/spring2022/handouts/testprograms/public/rand_final/t_102_ctrl.asm SUCCESS CPI:5.1 CYCLES:4344 ICOUNT:854 IHITRATE: 73.4 DHITRATE: 124.7
/u/s/i/sinclair/courses/cs552/spring2022/handouts/testprograms/public/rand_final/t_102_icache.asm SUCCESS CPI:24.3 CYCLES:1460 ICOUNT:60 IHITRATE: 51.5 DHITRATE: 0
/u/s/i/sinclair/courses/cs552/spring2022/handouts/testprograms/public/rand_final/t_102_idcache.asm SUCCESS CPI:10.5 CYCLES:3530 ICOUNT:335 IHITRATE: 85.3 DHITRATE: 42.2
/u/s/i/sinclair/courses/cs552/spring2022/handouts/testprograms/public/rand_final/t_102_mem.asm SUCCESS CPI:6.0 CYCLES:9160 ICOUNT:1528 IHITRATE: 78.3 DHITRATE: 148.7
/u/s/i/sinclair/courses/cs552/spring2022/handouts/testprograms/public/rand_final/t_103_all.asm SUCCESS CPI:4.9 CYCLES:2230 ICOUNT:453 IHITRATE: 73.5 DHITRATE: 96.2
/u/s/i/sinclair/courses/cs552/spring2022/handouts/testprograms/public/rand_final/t_103_ctrl.asm SUCCESS CPI:5.2 CYCLES:4232 ICOUNT:815 IHITRATE: 73.4 DHITRATE: 122.1
/u/s/i/sinclair/courses/cs552/spring2022/handouts/testprograms/public/rand_final/t_103_icache.asm SUCCESS CPI:12.2 CYCLES:1513 ICOUNT:124 IHITRATE: 54.9 DHITRATE: 0
/u/s/i/sinclair/courses/cs552/spring2022/handouts/testprograms/public/rand_final/t_103_idcache.asm SUCCESS CPI:9.7 CYCLES:3632 ICOUNT:374 IHITRATE: 86.2 DHITRATE: 51.3
/u/s/i/sinclair/courses/cs552/spring2022/handouts/testprograms/public/rand_final/t_103_mem.asm SUCCESS CPI:6.1 CYCLES:8948 ICOUNT:1468 IHITRATE: 78.1 DHITRATE: 147.2
/u/s/i/sinclair/courses/cs552/spring2022/handouts/testprograms/public/rand_final/t_104_all.asm SUCCESS CPI:5.1 CYCLES:2330 ICOUNT:456 IHITRATE: 73.2 DHITRATE: 103.7
/u/s/i/sinclair/courses/cs552/spring2022/handouts/testprograms/public/rand_final/t_104_ctrl.asm SUCCESS CPI:5.2 CYCLES:3983 ICOUNT:765 IHITRATE: 73.0 DHITRATE: 121.3
/u/s/i/sinclair/courses/cs552/spring2022/handouts/testprograms/public/rand_final/t_104_icache.asm SUCCESS CPI:24.4 CYCLES:1149 ICOUNT:47 IHITRATE: 50.2 DHITRATE: 0
/u/s/i/sinclair/courses/cs552/spring2022/handouts/testprograms/public/rand_final/t_104_idcache.asm SUCCESS CPI:11.2 CYCLES:3492 ICOUNT:311 IHITRATE: 86.3 DHITRATE: 36.6
/u/s/i/sinclair/courses/cs552/spring2022/handouts/testprograms/public/rand_final/t_104_mem.asm SUCCESS CPI:6.0 CYCLES:9305 ICOUNT:1550 IHITRATE: 78.5 DHITRATE: 149.6
/u/s/i/sinclair/courses/cs552/spring2022/handouts/testprograms/public/rand_final/t_105_all.asm SUCCESS CPI:5.1 CYCLES:2332 ICOUNT:453 IHITRATE: 73.8 DHITRATE: 96.4
/u/s/i/sinclair/courses/cs552/spring2022/handouts/testprograms/public/rand_final/t_105_ctrl.asm SUCCESS CPI:5.2 CYCLES:4159 ICOUNT:798 IHITRATE: 73.1 DHITRATE: 115.5
/u/s/i/sinclair/courses/cs552/spring2022/handouts/testprograms/public/rand_final/t_105_icache.asm SUCCESS CPI:16.9 CYCLES:1267 ICOUNT:75 IHITRATE: 53.3 DHITRATE: 0
/u/s/i/sinclair/courses/cs552/spring2022/handouts/testprograms/public/rand_final/t_105_idcache.asm SUCCESS CPI:10.6 CYCLES:3563 ICOUNT:335 IHITRATE: 85.4 DHITRATE: 34.1
/u/s/i/sinclair/courses/cs552/spring2022/handouts/testprograms/public/rand_final/t_105_mem.asm SUCCESS CPI:6.1 CYCLES:8827 ICOUNT:1440 IHITRATE: 78.4 DHITRATE: 147.7
/u/s/i/sinclair/courses/cs552/spring2022/handouts/testprograms/public/rand_final/t_106_all.asm SUCCESS CPI:5.1 CYCLES:2406 ICOUNT:472 IHITRATE: 72.9 DHITRATE: 117.1
/u/s/i/sinclair/courses/cs552/spring2022/handouts/testprograms/public/rand_final/t_106_ctrl.asm SUCCESS CPI:5.1 CYCLES:4107 ICOUNT:811 IHITRATE: 73.9 DHITRATE: 115.5
/u/s/i/sinclair/courses/cs552/spring2022/handouts/testprograms/public/rand_final/t_106_icache.asm SUCCESS CPI:34.4 CYCLES:1306 ICOUNT:38 IHITRATE: 49.4 DHITRATE: 0
/u/s/i/sinclair/courses/cs552/spring2022/handouts/testprograms/public/rand_final/t_106_idcache.asm SUCCESS CPI:11.1 CYCLES:3619 ICOUNT:326 IHITRATE: 85.2 DHITRATE: 37.8
/u/s/i/sinclair/courses/cs552/spring2022/handouts/testprograms/public/rand_final/t_106_mem.asm SUCCESS CPI:6.2 CYCLES:8913 ICOUNT:1427 IHITRATE: 78.8 DHITRATE: 145.5
/u/s/i/sinclair/courses/cs552/spring2022/handouts/testprograms/public/rand_final/t_107_all.asm SUCCESS CPI:5.1 CYCLES:2185 ICOUNT:428 IHITRATE: 72.8 DHITRATE: 106.2
/u/s/i/sinclair/courses/cs552/spring2022/handouts/testprograms/public/rand_final/t_107_ctrl.asm SUCCESS CPI:5.1 CYCLES:4068 ICOUNT:792 IHITRATE: 73.2 DHITRATE: 138.5
/u/s/i/sinclair/courses/cs552/spring2022/handouts/testprograms/public/rand_final/t_107_icache.asm SUCCESS CPI:23.4 CYCLES:1217 ICOUNT:52 IHITRATE: 50.0 DHITRATE: 0
/u/s/i/sinclair/courses/cs552/spring2022/handouts/testprograms/public/rand_final/t_107_idcache.asm SUCCESS CPI:11.3 CYCLES:3693 ICOUNT:326 IHITRATE: 84.9 DHITRATE: 37.0
/u/s/i/sinclair/courses/cs552/spring2022/handouts/testprograms/public/rand_final/t_107_mem.asm SUCCESS CPI:6.2 CYCLES:8769 ICOUNT:1417 IHITRATE: 78.5 DHITRATE: 145.0
/u/s/i/sinclair/courses/cs552/spring2022/handouts/testprograms/public/rand_final/t_108_all.asm SUCCESS CPI:4.9 CYCLES:2262 ICOUNT:463 IHITRATE: 74.2 DHITRATE: 100.0
/u/s/i/sinclair/courses/cs552/spring2022/handouts/testprograms/public/rand_final/t_108_ctrl.asm SUCCESS CPI:5.0 CYCLES:4213 ICOUNT:835 IHITRATE: 73.0 DHITRATE: 132.4
/u/s/i/sinclair/courses/cs552/spring2022/handouts/testprograms/public/rand_final/t_108_icache.asm SUCCESS CPI:35.4 CYCLES:992 ICOUNT:28 IHITRATE: 47.7 DHITRATE: 0
/u/s/i/sinclair/courses/cs552/spring2022/handouts/testprograms/public/rand_final/t_108_idcache.asm SUCCESS CPI:10.8 CYCLES:3675 ICOUNT:341 IHITRATE: 85.1 DHITRATE: 37.5
/u/s/i/sinclair/courses/cs552/spring2022/handouts/testprograms/public/rand_final/t_108_mem.asm SUCCESS CPI:5.9 CYCLES:9250 ICOUNT:1560 IHITRATE: 78.6 DHITRATE: 146.6
/u/s/i/sinclair/courses/cs552/spring2022/handouts/testprograms/public/rand_final/t_109_all.asm SUCCESS CPI:5.3 CYCLES:1782 ICOUNT:338 IHITRATE: 73.1 DHITRATE: 140.0
/u/s/i/sinclair/courses/cs552/spring2022/handouts/testprograms/public/rand_final/t_109_ctrl.asm SUCCESS CPI:5.1 CYCLES:4285 ICOUNT:839 IHITRATE: 72.8 DHITRATE: 139.4
/u/s/i/sinclair/courses/cs552/spring2022/handouts/testprograms/public/rand_final/t_109_icache.asm SUCCESS CPI:26.8 CYCLES:1315 ICOUNT:49 IHITRATE: 51.4 DHITRATE: 0
/u/s/i/sinclair/courses/cs552/spring2022/handouts/testprograms/public/rand_final/t_109_idcache.asm SUCCESS CPI:10.6 CYCLES:3686 ICOUNT:347 IHITRATE: 86.2 DHITRATE: 23.2
/u/s/i/sinclair/courses/cs552/spring2022/handouts/testprograms/public/rand_final/t_109_mem.asm SUCCESS CPI:6.3 CYCLES:8727 ICOUNT:1385 IHITRATE: 78.6 DHITRATE: 145.2
/u/s/i/sinclair/courses/cs552/spring2022/handouts/testprograms/public/rand_final/t_10_mem.asm SUCCESS CPI:5.9 CYCLES:9335 ICOUNT:1576 IHITRATE: 78.1 DHITRATE: 147.6
/u/s/i/sinclair/courses/cs552/spring2022/handouts/testprograms/public/rand_final/t_110_all.asm SUCCESS CPI:4.9 CYCLES:2255 ICOUNT:457 IHITRATE: 73.1 DHITRATE: 138.5
/u/s/i/sinclair/courses/cs552/spring2022/handouts/testprograms/public/rand_final/t_110_ctrl.asm SUCCESS CPI:4.9 CYCLES:4510 ICOUNT:912 IHITRATE: 74.0 DHITRATE: 142.5
/u/s/i/sinclair/courses/cs552/spring2022/handouts/testprograms/public/rand_final/t_110_icache.asm SUCCESS CPI:45.5 CYCLES:1275 ICOUNT:28 IHITRATE: 46.6 DHITRATE: 0
/u/s/i/sinclair/courses/cs552/spring2022/handouts/testprograms/public/rand_final/t_110_idcache.asm SUCCESS CPI:10.3 CYCLES:3967 ICOUNT:386 IHITRATE: 85.6 DHITRATE: 40.7
/u/s/i/sinclair/courses/cs552/spring2022/handouts/testprograms/public/rand_final/t_110_mem.asm SUCCESS CPI:6.0 CYCLES:8999 ICOUNT:1501 IHITRATE: 78.4 DHITRATE: 147.2
/u/s/i/sinclair/courses/cs552/spring2022/handouts/testprograms/public/rand_final/t_111_all.asm SUCCESS CPI:5.5 CYCLES:2163 ICOUNT:396 IHITRATE: 72.3 DHITRATE: 110.5
/u/s/i/sinclair/courses/cs552/spring2022/handouts/testprograms/public/rand_final/t_111_ctrl.asm SUCCESS CPI:5.0 CYCLES:4586 ICOUNT:910 IHITRATE: 73.2 DHITRATE: 128.4
/u/s/i/sinclair/courses/cs552/spring2022/handouts/testprograms/public/rand_final/t_111_icache.asm SUCCESS CPI:30.4 CYCLES:1217 ICOUNT:40 IHITRATE: 47.9 DHITRATE: 0
/u/s/i/sinclair/courses/cs552/spring2022/handouts/testprograms/public/rand_final/t_111_idcache.asm SUCCESS CPI:10.4 CYCLES:4074 ICOUNT:392 IHITRATE: 87.1 DHITRATE: 24.4
/u/s/i/sinclair/courses/cs552/spring2022/handouts/testprograms/public/rand_final/t_111_mem.asm SUCCESS CPI:6.2 CYCLES:8759 ICOUNT:1405 IHITRATE: 79.0 DHITRATE: 143.6
/u/s/i/sinclair/courses/cs552/spring2022/handouts/testprograms/public/rand_final/t_112_all.asm SUCCESS CPI:5.3 CYCLES:1995 ICOUNT:375 IHITRATE: 73.1 DHITRATE: 110.3
/u/s/i/sinclair/courses/cs552/spring2022/handouts/testprograms/public/rand_final/t_112_ctrl.asm SUCCESS CPI:5.2 CYCLES:3884 ICOUNT:750 IHITRATE: 73.0 DHITRATE: 115.1
/u/s/i/sinclair/courses/cs552/spring2022/handouts/testprograms/public/rand_final/t_112_icache.asm SUCCESS CPI:13.2 CYCLES:1305 ICOUNT:99 IHITRATE: 54.8 DHITRATE: 0
/u/s/i/sinclair/courses/cs552/spring2022/handouts/testprograms/public/rand_final/t_112_idcache.asm SUCCESS CPI:10.0 CYCLES:4084 ICOUNT:407 IHITRATE: 87.1 DHITRATE: 36.2
/u/s/i/sinclair/courses/cs552/spring2022/handouts/testprograms/public/rand_final/t_112_mem.asm SUCCESS CPI:6.3 CYCLES:8248 ICOUNT:1310 IHITRATE: 78.3 DHITRATE: 148.0
/u/s/i/sinclair/courses/cs552/spring2022/handouts/testprograms/public/rand_final/t_113_all.asm SUCCESS CPI:5.2 CYCLES:1807 ICOUNT:347 IHITRATE: 73.5 DHITRATE: 120.0
/u/s/i/sinclair/courses/cs552/spring2022/handouts/testprograms/public/rand_final/t_113_ctrl.asm SUCCESS CPI:5.3 CYCLES:4052 ICOUNT:762 IHITRATE: 73.7 DHITRATE: 123.0
/u/s/i/sinclair/courses/cs552/spring2022/handouts/testprograms/public/rand_final/t_113_icache.asm SUCCESS CPI:17.4 CYCLES:1616 ICOUNT:93 IHITRATE: 53.0 DHITRATE: 0
/u/s/i/sinclair/courses/cs552/spring2022/handouts/testprograms/public/rand_final/t_113_idcache.asm SUCCESS CPI:9.4 CYCLES:3800 ICOUNT:404 IHITRATE: 86.2 DHITRATE: 47.4
/u/s/i/sinclair/courses/cs552/spring2022/handouts/testprograms/public/rand_final/t_113_mem.asm SUCCESS CPI:6.0 CYCLES:9050 ICOUNT:1496 IHITRATE: 78.4 DHITRATE: 145.3
/u/s/i/sinclair/courses/cs552/spring2022/handouts/testprograms/public/rand_final/t_114_all.asm SUCCESS CPI:4.6 CYCLES:2800 ICOUNT:603 IHITRATE: 74.1 DHITRATE: 117.5
/u/s/i/sinclair/courses/cs552/spring2022/handouts/testprograms/public/rand_final/t_114_ctrl.asm SUCCESS CPI:5.0 CYCLES:4407 ICOUNT:885 IHITRATE: 73.3 DHITRATE: 148.7
/u/s/i/sinclair/courses/cs552/spring2022/handouts/testprograms/public/rand_final/t_114_icache.asm SUCCESS CPI:29.5 CYCLES:1181 ICOUNT:40 IHITRATE: 51.4 DHITRATE: 0
/u/s/i/sinclair/courses/cs552/spring2022/handouts/testprograms/public/rand_final/t_114_idcache.asm SUCCESS CPI:10.2 CYCLES:3645 ICOUNT:356 IHITRATE: 84.6 DHITRATE: 48.6
/u/s/i/sinclair/courses/cs552/spring2022/handouts/testprograms/public/rand_final/t_114_mem.asm SUCCESS CPI:6.0 CYCLES:8716 ICOUNT:1449 IHITRATE: 78.2 DHITRATE: 147.2
/u/s/i/sinclair/courses/cs552/spring2022/handouts/testprograms/public/rand_final/t_115_all.asm SUCCESS CPI:5.0 CYCLES:2281 ICOUNT:454 IHITRATE: 72.9 DHITRATE: 122.2
/u/s/i/sinclair/courses/cs552/spring2022/handouts/testprograms/public/rand_final/t_115_ctrl.asm SUCCESS CPI:5.1 CYCLES:4494 ICOUNT:881 IHITRATE: 74.1 DHITRATE: 121.3
/u/s/i/sinclair/courses/cs552/spring2022/handouts/testprograms/public/rand_final/t_115_icache.asm SUCCESS CPI:18.1 CYCLES:1102 ICOUNT:61 IHITRATE: 53.8 DHITRATE: 0
/u/s/i/sinclair/courses/cs552/spring2022/handouts/testprograms/public/rand_final/t_115_idcache.asm SUCCESS CPI:9.2 CYCLES:3957 ICOUNT:428 IHITRATE: 87.0 DHITRATE: 58.3
/u/s/i/sinclair/courses/cs552/spring2022/handouts/testprograms/public/rand_final/t_115_mem.asm SUCCESS CPI:6.2 CYCLES:8704 ICOUNT:1414 IHITRATE: 78.3 DHITRATE: 149.0
/u/s/i/sinclair/courses/cs552/spring2022/handouts/testprograms/public/rand_final/t_116_all.asm SUCCESS CPI:4.7 CYCLES:2780 ICOUNT:587 IHITRATE: 74.5 DHITRATE: 129.5
/u/s/i/sinclair/courses/cs552/spring2022/handouts/testprograms/public/rand_final/t_116_ctrl.asm SUCCESS CPI:4.7 CYCLES:5179 ICOUNT:1100 IHITRATE: 74.0 DHITRATE: 134.3
/u/s/i/sinclair/courses/cs552/spring2022/handouts/testprograms/public/rand_final/t_116_icache.asm SUCCESS CPI:16.4 CYCLES:1494 ICOUNT:91 IHITRATE: 52.5 DHITRATE: 0
/u/s/i/sinclair/courses/cs552/spring2022/handouts/testprograms/public/rand_final/t_116_idcache.asm SUCCESS CPI:10.7 CYCLES:3738 ICOUNT:350 IHITRATE: 84.6 DHITRATE: 42.2
/u/s/i/sinclair/courses/cs552/spring2022/handouts/testprograms/public/rand_final/t_116_mem.asm SUCCESS CPI:6.1 CYCLES:9149 ICOUNT:1492 IHITRATE: 78.8 DHITRATE: 142.6
/u/s/i/sinclair/courses/cs552/spring2022/handouts/testprograms/public/rand_final/t_117_all.asm SUCCESS CPI:5.1 CYCLES:2422 ICOUNT:475 IHITRATE: 75.1 DHITRATE: 102.1
/u/s/i/sinclair/courses/cs552/spring2022/handouts/testprograms/public/rand_final/t_117_ctrl.asm SUCCESS CPI:5.1 CYCLES:4574 ICOUNT:897 IHITRATE: 74.0 DHITRATE: 114.5
/u/s/i/sinclair/courses/cs552/spring2022/handouts/testprograms/public/rand_final/t_117_icache.asm SUCCESS CPI:15.6 CYCLES:1369 ICOUNT:88 IHITRATE: 56.3 DHITRATE: 0
/u/s/i/sinclair/courses/cs552/spring2022/handouts/testprograms/public/rand_final/t_117_idcache.asm SUCCESS CPI:9.7 CYCLES:4040 ICOUNT:416 IHITRATE: 84.7 DHITRATE: 60.7
/u/s/i/sinclair/courses/cs552/spring2022/handouts/testprograms/public/rand_final/t_117_mem.asm SUCCESS CPI:6.0 CYCLES:9395 ICOUNT:1572 IHITRATE: 78.2 DHITRATE: 148.1
/u/s/i/sinclair/courses/cs552/spring2022/handouts/testprograms/public/rand_final/t_118_all.asm SUCCESS CPI:5.0 CYCLES:2645 ICOUNT:531 IHITRATE: 74.0 DHITRATE: 121.3
/u/s/i/sinclair/courses/cs552/spring2022/handouts/testprograms/public/rand_final/t_118_ctrl.asm SUCCESS CPI:5.1 CYCLES:4063 ICOUNT:792 IHITRATE: 73.7 DHITRATE: 121.3
/u/s/i/sinclair/courses/cs552/spring2022/handouts/testprograms/public/rand_final/t_118_icache.asm SUCCESS CPI:47.4 CYCLES:1234 ICOUNT:26 IHITRATE: 48.2 DHITRATE: 0
/u/s/i/sinclair/courses/cs552/spring2022/handouts/testprograms/public/rand_final/t_118_idcache.asm SUCCESS CPI:10.7 CYCLES:3460 ICOUNT:323 IHITRATE: 85.7 DHITRATE: 32.5
/u/s/i/sinclair/courses/cs552/spring2022/handouts/testprograms/public/rand_final/t_118_mem.asm SUCCESS CPI:6.3 CYCLES:8513 ICOUNT:1358 IHITRATE: 78.2 DHITRATE: 145.3
/u/s/i/sinclair/courses/cs552/spring2022/handouts/testprograms/public/rand_final/t_119_all.asm SUCCESS CPI:5.1 CYCLES:2178 ICOUNT:427 IHITRATE: 73.7 DHITRATE: 119.4
/u/s/i/sinclair/courses/cs552/spring2022/handouts/testprograms/public/rand_final/t_119_ctrl.asm SUCCESS CPI:5.2 CYCLES:3913 ICOUNT:758 IHITRATE: 73.3 DHITRATE: 121.6
/u/s/i/sinclair/courses/cs552/spring2022/handouts/testprograms/public/rand_final/t_119_icache.asm SUCCESS CPI:30.7 CYCLES:921 ICOUNT:30 IHITRATE: 44.9 DHITRATE: 0
/u/s/i/sinclair/courses/cs552/spring2022/handouts/testprograms/public/rand_final/t_119_idcache.asm SUCCESS CPI:12.1 CYCLES:1627 ICOUNT:135 IHITRATE: 68.3 DHITRATE: 29.2
/u/s/i/sinclair/courses/cs552/spring2022/handouts/testprograms/public/rand_final/t_119_mem.asm SUCCESS CPI:5.9 CYCLES:9306 ICOUNT:1567 IHITRATE: 78.6 DHITRATE: 143.4
/u/s/i/sinclair/courses/cs552/spring2022/handouts/testprograms/public/rand_final/t_11_mem.asm SUCCESS CPI:6.0 CYCLES:9468 ICOUNT:1571 IHITRATE: 78.6 DHITRATE: 140.0
/u/s/i/sinclair/courses/cs552/spring2022/handouts/testprograms/public/rand_final/t_120_all.asm SUCCESS CPI:5.4 CYCLES:2132 ICOUNT:395 IHITRATE: 71.8 DHITRATE: 134.6
/u/s/i/sinclair/courses/cs552/spring2022/handouts/testprograms/public/rand_final/t_120_ctrl.asm SUCCESS CPI:5.0 CYCLES:4481 ICOUNT:903 IHITRATE: 73.5 DHITRATE: 132.4
/u/s/i/sinclair/courses/cs552/spring2022/handouts/testprograms/public/rand_final/t_120_icache.asm SUCCESS CPI:38.4 CYCLES:1269 ICOUNT:33 IHITRATE: 48.9 DHITRATE: 0
/u/s/i/sinclair/courses/cs552/spring2022/handouts/testprograms/public/rand_final/t_120_idcache.asm SUCCESS CPI:10.2 CYCLES:3736 ICOUNT:368 IHITRATE: 85.3 DHITRATE: 46.7
/u/s/i/sinclair/courses/cs552/spring2022/handouts/testprograms/public/rand_final/t_120_mem.asm SUCCESS CPI:6.1 CYCLES:8988 ICOUNT:1474 IHITRATE: 78.2 DHITRATE: 147.7
/u/s/i/sinclair/courses/cs552/spring2022/handouts/testprograms/public/rand_final/t_121_all.asm SUCCESS CPI:5.5 CYCLES:1783 ICOUNT:327 IHITRATE: 72.8 DHITRATE: 104.3
/u/s/i/sinclair/courses/cs552/spring2022/handouts/testprograms/public/rand_final/t_122_all.asm SUCCESS CPI:5.3 CYCLES:1767 ICOUNT:335 IHITRATE: 73.2 DHITRATE: 111.5
/u/s/i/sinclair/courses/cs552/spring2022/handouts/testprograms/public/rand_final/t_123_all.asm SUCCESS CPI:5.0 CYCLES:2556 ICOUNT:514 IHITRATE: 73.6 DHITRATE: 102.6
/u/s/i/sinclair/courses/cs552/spring2022/handouts/testprograms/public/rand_final/t_124_all.asm SUCCESS CPI:4.9 CYCLES:1824 ICOUNT:371 IHITRATE: 74.4 DHITRATE: 100.0
/u/s/i/sinclair/courses/cs552/spring2022/handouts/testprograms/public/rand_final/t_125_all.asm SUCCESS CPI:5.3 CYCLES:2705 ICOUNT:513 IHITRATE: 75.0 DHITRATE: 86.2
/u/s/i/sinclair/courses/cs552/spring2022/handouts/testprograms/public/rand_final/t_126_all.asm SUCCESS CPI:4.9 CYCLES:3040 ICOUNT:623 IHITRATE: 75.3 DHITRATE: 90.7
/u/s/i/sinclair/courses/cs552/spring2022/handouts/testprograms/public/rand_final/t_127_all.asm SUCCESS CPI:4.9 CYCLES:2300 ICOUNT:473 IHITRATE: 73.8 DHITRATE: 122.7
/u/s/i/sinclair/courses/cs552/spring2022/handouts/testprograms/public/rand_final/t_128_all.asm SUCCESS CPI:5.3 CYCLES:2339 ICOUNT:440 IHITRATE: 72.4 DHITRATE: 106.5
/u/s/i/sinclair/courses/cs552/spring2022/handouts/testprograms/public/rand_final/t_129_all.asm SUCCESS CPI:5.1 CYCLES:2306 ICOUNT:448 IHITRATE: 74.5 DHITRATE: 116.7
/u/s/i/sinclair/courses/cs552/spring2022/handouts/testprograms/public/rand_final/t_12_mem.asm SUCCESS CPI:6.2 CYCLES:8853 ICOUNT:1426 IHITRATE: 78.1 DHITRATE: 142.7
/u/s/i/sinclair/courses/cs552/spring2022/handouts/testprograms/public/rand_final/t_130_all.asm SUCCESS CPI:4.7 CYCLES:3126 ICOUNT:666 IHITRATE: 75.7 DHITRATE: 116.4
/u/s/i/sinclair/courses/cs552/spring2022/handouts/testprograms/public/rand_final/t_131_all.asm SUCCESS CPI:4.8 CYCLES:2712 ICOUNT:570 IHITRATE: 74.4 DHITRATE: 140.7
/u/s/i/sinclair/courses/cs552/spring2022/handouts/testprograms/public/rand_final/t_132_all.asm SUCCESS CPI:4.9 CYCLES:2395 ICOUNT:489 IHITRATE: 74.2 DHITRATE: 111.1
/u/s/i/sinclair/courses/cs552/spring2022/handouts/testprograms/public/rand_final/t_133_all.asm SUCCESS CPI:4.9 CYCLES:2259 ICOUNT:462 IHITRATE: 75.1 DHITRATE: 105.1
/u/s/i/sinclair/courses/cs552/spring2022/handouts/testprograms/public/rand_final/t_134_all.asm SUCCESS CPI:4.9 CYCLES:2405 ICOUNT:494 IHITRATE: 75.6 DHITRATE: 104.5
/u/s/i/sinclair/courses/cs552/spring2022/handouts/testprograms/public/rand_final/t_135_all.asm SUCCESS CPI:4.8 CYCLES:2976 ICOUNT:625 IHITRATE: 75.3 DHITRATE: 111.5
/u/s/i/sinclair/courses/cs552/spring2022/handouts/testprograms/public/rand_final/t_136_all.asm SUCCESS CPI:5.1 CYCLES:2195 ICOUNT:433 IHITRATE: 73.7 DHITRATE: 120.5
/u/s/i/sinclair/courses/cs552/spring2022/handouts/testprograms/public/rand_final/t_137_all.asm SUCCESS CPI:4.8 CYCLES:2663 ICOUNT:555 IHITRATE: 74.8 DHITRATE: 105.3
/u/s/i/sinclair/courses/cs552/spring2022/handouts/testprograms/public/rand_final/t_138_all.asm SUCCESS CPI:4.8 CYCLES:3082 ICOUNT:637 IHITRATE: 74.6 DHITRATE: 119.3
/u/s/i/sinclair/courses/cs552/spring2022/handouts/testprograms/public/rand_final/t_139_all.asm SUCCESS CPI:5.4 CYCLES:2031 ICOUNT:378 IHITRATE: 72.5 DHITRATE: 100.0
/u/s/i/sinclair/courses/cs552/spring2022/handouts/testprograms/public/rand_final/t_13_mem.asm SUCCESS CPI:6.1 CYCLES:8873 ICOUNT:1455 IHITRATE: 78.4 DHITRATE: 145.4
/u/s/i/sinclair/courses/cs552/spring2022/handouts/testprograms/public/rand_final/t_140_all.asm SUCCESS CPI:4.9 CYCLES:2046 ICOUNT:417 IHITRATE: 74.0 DHITRATE: 106.5
/u/s/i/sinclair/courses/cs552/spring2022/handouts/testprograms/public/rand_final/t_141_all.asm SUCCESS CPI:4.7 CYCLES:2385 ICOUNT:510 IHITRATE: 74.6 DHITRATE: 144.4
/u/s/i/sinclair/courses/cs552/spring2022/handouts/testprograms/public/rand_final/t_142_all.asm SUCCESS CPI:5.0 CYCLES:2016 ICOUNT:403 IHITRATE: 73.9 DHITRATE: 113.3
/u/s/i/sinclair/courses/cs552/spring2022/handouts/testprograms/public/rand_final/t_143_all.asm SUCCESS CPI:4.7 CYCLES:2449 ICOUNT:526 IHITRATE: 74.7 DHITRATE: 120.6
/u/s/i/sinclair/courses/cs552/spring2022/handouts/testprograms/public/rand_final/t_144_all.asm SUCCESS CPI:5.2 CYCLES:2304 ICOUNT:442 IHITRATE: 73.1 DHITRATE: 90.0
/u/s/i/sinclair/courses/cs552/spring2022/handouts/testprograms/public/rand_final/t_145_all.asm SUCCESS CPI:4.9 CYCLES:2236 ICOUNT:456 IHITRATE: 74.3 DHITRATE: 116.7
/u/s/i/sinclair/courses/cs552/spring2022/handouts/testprograms/public/rand_final/t_146_all.asm SUCCESS CPI:4.8 CYCLES:3041 ICOUNT:629 IHITRATE: 74.9 DHITRATE: 119.3
/u/s/i/sinclair/courses/cs552/spring2022/handouts/testprograms/public/rand_final/t_147_all.asm SUCCESS CPI:4.9 CYCLES:2218 ICOUNT:457 IHITRATE: 73.9 DHITRATE: 130.0
/u/s/i/sinclair/courses/cs552/spring2022/handouts/testprograms/public/rand_final/t_148_all.asm SUCCESS CPI:5.0 CYCLES:2357 ICOUNT:471 IHITRATE: 74.7 DHITRATE: 122.0
/u/s/i/sinclair/courses/cs552/spring2022/handouts/testprograms/public/rand_final/t_149_all.asm SUCCESS CPI:4.8 CYCLES:2244 ICOUNT:465 IHITRATE: 74.5 DHITRATE: 121.4
/u/s/i/sinclair/courses/cs552/spring2022/handouts/testprograms/public/rand_final/t_14_mem.asm SUCCESS CPI:6.3 CYCLES:8728 ICOUNT:1385 IHITRATE: 78.7 DHITRATE: 141.4
/u/s/i/sinclair/courses/cs552/spring2022/handouts/testprograms/public/rand_final/t_150_all.asm SUCCESS CPI:5.0 CYCLES:2631 ICOUNT:524 IHITRATE: 73.7 DHITRATE: 125.0
/u/s/i/sinclair/courses/cs552/spring2022/handouts/testprograms/public/rand_final/t_15_mem.asm SUCCESS CPI:6.1 CYCLES:8941 ICOUNT:1458 IHITRATE: 78.1 DHITRATE: 147.1
/u/s/i/sinclair/courses/cs552/spring2022/handouts/testprograms/public/rand_final/t_16_mem.asm SUCCESS CPI:6.1 CYCLES:8962 ICOUNT:1465 IHITRATE: 78.3 DHITRATE: 146.4
/u/s/i/sinclair/courses/cs552/spring2022/handouts/testprograms/public/rand_final/t_17_mem.asm SUCCESS CPI:6.0 CYCLES:9074 ICOUNT:1515 IHITRATE: 78.3 DHITRATE: 145.3
/u/s/i/sinclair/courses/cs552/spring2022/handouts/testprograms/public/rand_final/t_18_mem.asm SUCCESS CPI:6.1 CYCLES:8740 ICOUNT:1423 IHITRATE: 78.6 DHITRATE: 145.7
/u/s/i/sinclair/courses/cs552/spring2022/handouts/testprograms/public/rand_final/t_19_mem.asm SUCCESS CPI:6.2 CYCLES:8660 ICOUNT:1400 IHITRATE: 78.4 DHITRATE: 145.5
